[2014-10-30 01:44:23.987] [INFO] normal - worker 1 has started
[2014-10-30 01:44:24.693] [INFO] normal - init server....
[2014-10-30 01:44:24.748] [INFO] normal - init task manager.....
[2014-10-30 01:44:24.751] [INFO] normal - init worker manager....
[2014-10-30 01:44:24.763] [INFO] normal - create phantomjs worker 6184
[2014-10-30 01:44:24.766] [INFO] normal - create phantomjs worker 5464
[2014-10-30 01:44:24.772] [INFO] normal - websocket server has listened at port 3001
[2014-10-30 01:44:24.775] [INFO] normal - server has listened at port 3000
[2014-10-30 01:44:26.852] [INFO] normal - new connection: 2928589540
[2014-10-30 01:44:26.866] [INFO] normal - new connection: 2928589551
[2014-10-30 01:44:39.599] [DEBUG] normal - GET /
[2014-10-30 01:44:39.658] [DEBUG] normal - GET /favicon.ico
[2014-10-30 01:44:48.927] [DEBUG] normal - GET /public/html
[2014-10-30 01:45:22.184] [DEBUG] normal - GET /index.html
[2014-10-30 01:46:04.225] [DEBUG] normal - GET /html/index.html
[2014-10-30 01:46:04.237] [DEBUG] normal - GET /html/css/metro-bootstrap.min.css
[2014-10-30 01:46:04.244] [DEBUG] normal - GET /html/css/iconFont.min.css
[2014-10-30 01:46:04.248] [DEBUG] normal - GET /html/css/app/main.css
[2014-10-30 01:46:04.253] [DEBUG] normal - GET /html/js/jquery/main.js
[2014-10-30 01:46:04.259] [DEBUG] normal - GET /html/js/jquery-ui/main.js
[2014-10-30 01:46:04.263] [DEBUG] normal - GET /html/js/metro/main.js
[2014-10-30 01:46:43.899] [DEBUG] normal - GET /html/css/metro-bootstrap.min.css
[2014-10-30 01:46:43.912] [DEBUG] normal - GET /html/css/iconFont.min.css
[2014-10-30 01:46:43.920] [DEBUG] normal - GET /html/css/app/main.css
[2014-10-30 01:47:23.630] [DEBUG] normal - GET /html/index.html
[2014-10-30 01:47:23.672] [DEBUG] normal - GET /css/metro-bootstrap.min.css
[2014-10-30 01:47:23.697] [DEBUG] normal - GET /css/iconFont.min.css
[2014-10-30 01:47:23.728] [DEBUG] normal - GET /css/app/main.css
[2014-10-30 01:47:23.743] [DEBUG] normal - GET /html/js/jquery/main.js
[2014-10-30 01:47:23.774] [DEBUG] normal - GET /html/js/jquery-ui/main.js
[2014-10-30 01:47:23.779] [DEBUG] normal - GET /html/js/metro/main.js
[2014-10-30 01:47:25.915] [DEBUG] normal - GET /html/index.html
[2014-10-30 01:47:25.952] [DEBUG] normal - GET /css/metro-bootstrap.min.css
[2014-10-30 01:47:25.959] [DEBUG] normal - GET /css/iconFont.min.css
[2014-10-30 01:47:25.969] [DEBUG] normal - GET /css/app/main.css
[2014-10-30 01:47:25.969] [DEBUG] normal - GET /html/js/jquery/main.js
[2014-10-30 01:47:25.971] [DEBUG] normal - GET /html/js/jquery-ui/main.js
[2014-10-30 01:47:25.971] [DEBUG] normal - GET /html/js/metro/main.js
[2014-10-30 01:48:16.423] [DEBUG] normal - GET /html/index.html
[2014-10-30 01:48:16.472] [DEBUG] normal - GET /css/metro-bootstrap.min.css
[2014-10-30 01:48:16.491] [DEBUG] normal - GET /css/iconFont.min.css
[2014-10-30 01:48:16.546] [DEBUG] normal - GET /js/metro/main.js
[2014-10-30 01:48:16.548] [DEBUG] normal - GET /js/jquery/main.js
[2014-10-30 01:48:16.628] [DEBUG] normal - GET /js/jquery-ui/main.js
[2014-10-30 01:48:18.823] [DEBUG] normal - GET /html/index.html
[2014-10-30 01:48:18.844] [DEBUG] normal - GET /css/metro-bootstrap.min.css
[2014-10-30 01:48:18.848] [DEBUG] normal - GET /css/iconFont.min.css
[2014-10-30 01:48:18.851] [DEBUG] normal - GET /js/jquery/main.js
[2014-10-30 01:48:18.851] [DEBUG] normal - GET /js/jquery-ui/main.js
[2014-10-30 01:48:18.854] [DEBUG] normal - GET /js/metro/main.js
[2014-10-30 01:50:14.325] [DEBUG] normal - GET /html/index.html
[2014-10-30 01:50:14.349] [DEBUG] normal - GET /css/metro-bootstrap.min.css
[2014-10-30 01:50:14.350] [DEBUG] normal - GET /css/iconFont.min.css
[2014-10-30 01:50:14.354] [DEBUG] normal - GET /js/jquery/main.js
[2014-10-30 01:50:14.357] [DEBUG] normal - GET /js/jquery-ui/main.js
[2014-10-30 01:50:14.358] [DEBUG] normal - GET /js/metro/main.js
[2014-10-30 01:53:13.614] [DEBUG] normal - GET /html/index.html
[2014-10-30 01:53:13.630] [DEBUG] normal - GET /css/metro-bootstrap.min.css
[2014-10-30 01:53:13.636] [DEBUG] normal - GET /css/iconFont.min.css
[2014-10-30 01:53:13.652] [DEBUG] normal - GET /js/jquery/main.js
[2014-10-30 01:53:13.677] [DEBUG] normal - GET /js/jquery-ui/main.js
[2014-10-30 01:53:13.684] [DEBUG] normal - GET /js/metro/main.js
[2014-10-30 01:53:53.562] [DEBUG] normal - GET /html/index.html
[2014-10-30 01:53:53.590] [DEBUG] normal - GET /css/metro-bootstrap.min.css
[2014-10-30 01:53:53.603] [DEBUG] normal - GET /css/iconFont.min.css
[2014-10-30 01:53:53.612] [DEBUG] normal - GET /js/jquery/main.js
[2014-10-30 01:53:53.615] [DEBUG] normal - GET /js/jquery-ui/main.js
[2014-10-30 01:53:53.620] [DEBUG] normal - GET /js/metro/main.js
[2014-10-30 01:55:33.672] [DEBUG] normal - GET /html/index.html
[2014-10-30 01:55:33.699] [DEBUG] normal - GET /css/metro-bootstrap.min.css
[2014-10-30 01:55:33.708] [DEBUG] normal - GET /css/iconFont.min.css
[2014-10-30 01:55:33.716] [DEBUG] normal - GET /js/jquery/main.js
[2014-10-30 01:55:33.733] [DEBUG] normal - GET /js/jquery-ui/main.js
[2014-10-30 01:55:33.745] [DEBUG] normal - GET /js/metro/main.js
[2014-10-30 01:55:38.354] [DEBUG] normal - GET /fonts/metroSysIcons.woff
[2014-10-30 01:56:02.846] [DEBUG] normal - GET /html/index.html
[2014-10-30 01:56:02.876] [DEBUG] normal - GET /css/metro-bootstrap.min.css
[2014-10-30 01:56:02.896] [DEBUG] normal - GET /css/iconFont.min.css
[2014-10-30 01:56:02.911] [DEBUG] normal - GET /js/jquery/main.js
[2014-10-30 01:56:02.940] [DEBUG] normal - GET /js/jquery-ui/main.js
[2014-10-30 01:56:02.957] [DEBUG] normal - GET /js/metro/main.js
[2014-10-30 01:59:25.296] [DEBUG] normal - GET /html/index.html
[2014-10-30 01:59:25.326] [DEBUG] normal - GET /css/metro-bootstrap.min.css
[2014-10-30 01:59:25.327] [DEBUG] normal - GET /css/iconFont.min.css
[2014-10-30 01:59:25.328] [DEBUG] normal - GET /js/jquery/main.js
[2014-10-30 01:59:25.330] [DEBUG] normal - GET /js/jquery-ui/main.js
[2014-10-30 01:59:25.331] [DEBUG] normal - GET /js/metro/main.js
[2014-10-30 02:01:33.346] [DEBUG] normal - GET /html/index.html
[2014-10-30 02:01:33.370] [DEBUG] normal - GET /css/metro-bootstrap.min.css
[2014-10-30 02:01:33.378] [DEBUG] normal - GET /css/iconFont.min.css
[2014-10-30 02:01:33.385] [DEBUG] normal - GET /js/jquery/main.js
[2014-10-30 02:01:33.397] [DEBUG] normal - GET /js/jquery-ui/main.js
[2014-10-30 02:01:33.399] [DEBUG] normal - GET /js/metro/main.js
[2014-10-30 02:03:37.999] [DEBUG] normal - GET /html/index.html
[2014-10-30 02:03:38.014] [DEBUG] normal - GET /css/metro-bootstrap.min.css
[2014-10-30 02:03:38.021] [DEBUG] normal - GET /css/iconFont.min.css
[2014-10-30 02:03:38.045] [DEBUG] normal - GET /js/jquery/main.js
[2014-10-30 02:03:38.051] [DEBUG] normal - GET /js/jquery-ui/main.js
[2014-10-30 02:03:38.056] [DEBUG] normal - GET /js/metro/main.js
[2014-10-30 02:04:48.449] [DEBUG] normal - GET /html/index.html
[2014-10-30 02:04:48.482] [DEBUG] normal - GET /css/metro-bootstrap.min.css
[2014-10-30 02:04:48.538] [DEBUG] normal - GET /css/iconFont.min.css
[2014-10-30 02:04:48.543] [DEBUG] normal - GET /js/jquery/main.js
[2014-10-30 02:04:48.552] [DEBUG] normal - GET /js/jquery-ui/main.js
[2014-10-30 02:04:48.575] [DEBUG] normal - GET /js/metro/main.js
[2014-10-30 02:05:31.388] [DEBUG] normal - GET /html/index.html
[2014-10-30 02:05:31.412] [DEBUG] normal - GET /css/metro-bootstrap.min.css
[2014-10-30 02:05:31.471] [DEBUG] normal - GET /css/iconFont.min.css
[2014-10-30 02:05:31.475] [DEBUG] normal - GET /js/jquery/main.js
[2014-10-30 02:05:31.479] [DEBUG] normal - GET /js/jquery-ui/main.js
[2014-10-30 02:05:31.492] [DEBUG] normal - GET /js/metro/main.js
[2014-10-30 02:05:48.662] [DEBUG] normal - GET /html/index.html
[2014-10-30 02:05:48.683] [DEBUG] normal - GET /css/metro-bootstrap.min.css
[2014-10-30 02:05:48.696] [DEBUG] normal - GET /css/iconFont.min.css
[2014-10-30 02:05:48.698] [DEBUG] normal - GET /js/jquery/main.js
[2014-10-30 02:05:48.704] [DEBUG] normal - GET /js/jquery-ui/main.js
[2014-10-30 02:05:48.705] [DEBUG] normal - GET /js/metro/main.js
[2014-10-30 02:06:38.781] [DEBUG] normal - GET /html/index.html
[2014-10-30 02:06:38.807] [DEBUG] normal - GET /css/metro-bootstrap.min.css
[2014-10-30 02:06:38.809] [DEBUG] normal - GET /css/iconFont.min.css
[2014-10-30 02:06:38.814] [DEBUG] normal - GET /js/jquery/main.js
[2014-10-30 02:06:38.817] [DEBUG] normal - GET /js/jquery-ui/main.js
[2014-10-30 02:06:38.818] [DEBUG] normal - GET /js/metro/main.js
[2014-10-30 02:07:19.199] [DEBUG] normal - GET /html/index.html
[2014-10-30 02:07:19.215] [DEBUG] normal - GET /css/metro-bootstrap.min.css
[2014-10-30 02:07:19.220] [DEBUG] normal - GET /css/iconFont.min.css
[2014-10-30 02:07:19.256] [DEBUG] normal - GET /js/jquery/main.js
[2014-10-30 02:07:19.261] [DEBUG] normal - GET /js/metro/main.js
[2014-10-30 02:07:19.267] [DEBUG] normal - GET /js/jquery-ui/main.js
[2014-10-30 02:09:14.799] [DEBUG] normal - GET /css/metro-bootstrap.min.css
[2014-10-30 02:09:14.802] [DEBUG] normal - GET /css/iconFont.min.css
[2014-10-30 02:10:17.488] [DEBUG] normal - GET /html/index.html
[2014-10-30 02:10:17.512] [DEBUG] normal - GET /css/metro-bootstrap.min.css
[2014-10-30 02:10:17.516] [DEBUG] normal - GET /css/iconFont.min.css
[2014-10-30 02:10:17.550] [DEBUG] normal - GET /js/jquery/main.js
[2014-10-30 02:10:17.565] [DEBUG] normal - GET /js/jquery-ui/main.js
[2014-10-30 02:10:17.587] [DEBUG] normal - GET /js/metro/main.js
[2014-10-30 02:10:35.630] [DEBUG] normal - GET /fonts/metroSysIcons.woff
[2014-10-30 02:14:38.160] [DEBUG] normal - GET /html/index.html
[2014-10-30 02:14:38.184] [DEBUG] normal - GET /css/metro-bootstrap.min.css
[2014-10-30 02:14:38.196] [DEBUG] normal - GET /css/iconFont.min.css
[2014-10-30 02:14:38.203] [DEBUG] normal - GET /js/jquery/main.js
[2014-10-30 02:14:38.206] [DEBUG] normal - GET /js/jquery-ui/main.js
[2014-10-30 02:14:38.210] [DEBUG] normal - GET /js/metro/main.js
[2014-10-30 02:14:38.221] [DEBUG] normal - GET /js/shooter-cli/main.js
[2014-10-30 02:15:55.892] [DEBUG] normal - GET /html/index.html
[2014-10-30 02:15:55.926] [DEBUG] normal - GET /css/metro-bootstrap.min.css
[2014-10-30 02:15:55.935] [DEBUG] normal - GET /css/iconFont.min.css
[2014-10-30 02:15:55.936] [DEBUG] normal - GET /js/jquery/main.js
[2014-10-30 02:15:55.972] [DEBUG] normal - GET /js/jquery-ui/main.js
[2014-10-30 02:15:55.976] [DEBUG] normal - GET /js/metro/main.js
[2014-10-30 02:15:55.979] [DEBUG] normal - GET /js/shooter-cli/main.js
[2014-10-30 02:18:05.162] [DEBUG] normal - GET /html/index.html
[2014-10-30 02:18:05.206] [DEBUG] normal - GET /css/metro-bootstrap.min.css
[2014-10-30 02:18:05.208] [DEBUG] normal - GET /css/iconFont.min.css
[2014-10-30 02:18:05.211] [DEBUG] normal - GET /js/jquery/main.js
[2014-10-30 02:18:05.213] [DEBUG] normal - GET /js/jquery-ui/main.js
[2014-10-30 02:18:05.217] [DEBUG] normal - GET /js/metro/main.js
[2014-10-30 02:18:05.224] [DEBUG] normal - GET /js/shooter-cli/main.js
[2014-10-30 02:18:56.750] [DEBUG] normal - GET /html/index.html
[2014-10-30 02:18:56.770] [DEBUG] normal - GET /css/metro-bootstrap.min.css
[2014-10-30 02:18:56.773] [DEBUG] normal - GET /css/iconFont.min.css
[2014-10-30 02:18:56.774] [DEBUG] normal - GET /js/jquery/main.js
[2014-10-30 02:18:56.775] [DEBUG] normal - GET /js/jquery-ui/main.js
[2014-10-30 02:18:56.789] [DEBUG] normal - GET /js/metro/main.js
[2014-10-30 02:18:56.793] [DEBUG] normal - GET /js/shooter-cli/main.js
[2014-10-30 02:19:32.186] [DEBUG] normal - GET /html/index.html
[2014-10-30 02:19:32.204] [DEBUG] normal - GET /css/metro-bootstrap.min.css
[2014-10-30 02:19:32.218] [DEBUG] normal - GET /css/iconFont.min.css
[2014-10-30 02:19:32.220] [DEBUG] normal - GET /js/jquery/main.js
[2014-10-30 02:19:32.225] [DEBUG] normal - GET /js/jquery-ui/main.js
[2014-10-30 02:19:32.234] [DEBUG] normal - GET /js/metro/main.js
[2014-10-30 02:19:32.244] [DEBUG] normal - GET /js/shooter-cli/main.js
[2014-10-30 02:20:06.812] [INFO] normal - worker 1 has started
[2014-10-30 02:20:07.604] [INFO] normal - init server....
[2014-10-30 02:20:07.660] [INFO] normal - init task manager.....
[2014-10-30 02:20:07.662] [INFO] normal - init worker manager....
[2014-10-30 02:20:07.668] [INFO] normal - create phantomjs worker 5748
[2014-10-30 02:20:07.672] [INFO] normal - create phantomjs worker 8984
[2014-10-30 02:20:07.681] [INFO] normal - websocket server has listened at port 3001
[2014-10-30 02:20:07.684] [INFO] normal - server has listened at port 3000
[2014-10-30 02:20:07.778] [DEBUG] normal - GET 304 /html/index.html
[2014-10-30 02:20:07.808] [DEBUG] normal - GET 304 /css/metro-bootstrap.min.css
[2014-10-30 02:20:07.817] [DEBUG] normal - GET 304 /css/iconFont.min.css
[2014-10-30 02:20:07.850] [DEBUG] normal - GET 304 /js/jquery/main.js
[2014-10-30 02:20:07.854] [DEBUG] normal - GET 304 /js/jquery-ui/main.js
[2014-10-30 02:20:07.871] [DEBUG] normal - GET 304 /js/metro/main.js
[2014-10-30 02:20:07.894] [DEBUG] normal - GET 200 /js/shooter-cli/main.js
[2014-10-30 02:20:09.813] [INFO] normal - new connection: 8748595700
[2014-10-30 02:20:09.851] [INFO] normal - new connection: 8748595711
[2014-10-30 02:20:13.791] [DEBUG] normal - GET 304 /html/index.html
[2014-10-30 02:20:13.816] [DEBUG] normal - GET 304 /css/metro-bootstrap.min.css
[2014-10-30 02:20:13.822] [DEBUG] normal - GET 304 /css/iconFont.min.css
[2014-10-30 02:20:13.827] [DEBUG] normal - GET 304 /js/jquery/main.js
[2014-10-30 02:20:13.829] [DEBUG] normal - GET 304 /js/jquery-ui/main.js
[2014-10-30 02:20:13.845] [DEBUG] normal - GET 304 /js/metro/main.js
[2014-10-30 02:20:13.849] [DEBUG] normal - GET 304 /js/shooter-cli/main.js
[2014-10-30 02:20:25.785] [DEBUG] normal - GET 304 /fonts/metroSysIcons.woff
[2014-10-30 02:21:58.295] [DEBUG] normal - GET 200 /html/index.html
[2014-10-30 02:21:58.319] [DEBUG] normal - GET 304 /css/metro-bootstrap.min.css
[2014-10-30 02:21:58.321] [DEBUG] normal - GET 304 /css/iconFont.min.css
[2014-10-30 02:21:58.332] [DEBUG] normal - GET 304 /js/jquery/main.js
[2014-10-30 02:21:58.351] [DEBUG] normal - GET 304 /js/jquery-ui/main.js
[2014-10-30 02:21:58.352] [DEBUG] normal - GET 304 /js/metro/main.js
[2014-10-30 02:21:58.352] [DEBUG] normal - GET 304 /js/shooter-cli/main.js
[2014-10-30 02:22:00.793] [DEBUG] normal - GET 304 /fonts/metroSysIcons.woff
[2014-10-30 02:22:57.639] [DEBUG] normal - GET 304 /html/index.html
[2014-10-30 02:22:57.662] [DEBUG] normal - GET 304 /css/metro-bootstrap.min.css
[2014-10-30 02:22:57.667] [DEBUG] normal - GET 304 /css/iconFont.min.css
[2014-10-30 02:22:57.668] [DEBUG] normal - GET 304 /js/jquery/main.js
[2014-10-30 02:22:57.670] [DEBUG] normal - GET 304 /js/jquery-ui/main.js
[2014-10-30 02:22:57.674] [DEBUG] normal - GET 304 /js/metro/main.js
[2014-10-30 02:22:57.682] [DEBUG] normal - GET 200 /js/shooter-cli/main.js
[2014-10-30 02:22:59.240] [DEBUG] normal - GET 304 /fonts/metroSysIcons.woff
[2014-10-30 02:23:06.626] [DEBUG] normal - POST 404 /shoots
[2014-10-30 02:24:27.142] [DEBUG] normal - GET 304 /html/index.html
[2014-10-30 02:24:27.171] [DEBUG] normal - GET 304 /css/iconFont.min.css
[2014-10-30 02:24:27.173] [DEBUG] normal - GET 304 /js/jquery/main.js
[2014-10-30 02:24:27.180] [DEBUG] normal - GET 304 /js/jquery-ui/main.js
[2014-10-30 02:24:27.185] [DEBUG] normal - GET 304 /js/metro/main.js
[2014-10-30 02:24:27.194] [DEBUG] normal - GET 304 /css/metro-bootstrap.min.css
[2014-10-30 02:24:27.225] [DEBUG] normal - GET 304 /js/shooter-cli/main.js
[2014-10-30 02:24:31.964] [DEBUG] normal - GET 304 /fonts/metroSysIcons.woff
[2014-10-30 02:24:34.766] [DEBUG] normal - POST 404 /shoots
[2014-10-30 02:25:58.281] [INFO] normal - worker 1 has started
[2014-10-30 02:25:59.023] [INFO] normal - init server....
[2014-10-30 02:25:59.074] [INFO] normal - init task manager.....
[2014-10-30 02:25:59.076] [INFO] normal - init worker manager....
[2014-10-30 02:25:59.083] [INFO] normal - create phantomjs worker 8532
[2014-10-30 02:25:59.086] [INFO] normal - create phantomjs worker 2852
[2014-10-30 02:25:59.095] [INFO] normal - websocket server has listened at port 3001
[2014-10-30 02:25:59.098] [INFO] normal - server has listened at port 3000
[2014-10-30 02:26:01.163] [INFO] normal - new connection: 8228597590
[2014-10-30 02:26:01.178] [INFO] normal - new connection: 8228597601
[2014-10-30 02:26:05.534] [DEBUG] normal - GET 304 /html/index.html
[2014-10-30 02:26:05.549] [DEBUG] normal - GET 304 /css/metro-bootstrap.min.css
[2014-10-30 02:26:05.576] [DEBUG] normal - GET 304 /css/iconFont.min.css
[2014-10-30 02:26:05.584] [DEBUG] normal - GET 304 /js/jquery/main.js
[2014-10-30 02:26:05.598] [DEBUG] normal - GET 304 /js/jquery-ui/main.js
[2014-10-30 02:26:05.608] [DEBUG] normal - GET 304 /js/metro/main.js
[2014-10-30 02:26:05.633] [DEBUG] normal - GET 304 /js/shooter-cli/main.js
[2014-10-30 02:26:09.797] [DEBUG] normal - GET 304 /fonts/metroSysIcons.woff
[2014-10-30 02:26:13.090] [DEBUG] normal - POST 404 /shoots
[2014-10-30 02:26:57.954] [DEBUG] normal - GET 404 /shoots
[2014-10-30 02:27:05.512] [DEBUG] normal - GET 500 /shoots/dsfds
[2014-10-30 02:28:07.388] [INFO] normal - worker 1 has started
[2014-10-30 02:28:08.166] [INFO] normal - init server....
[2014-10-30 02:28:08.219] [INFO] normal - init task manager.....
[2014-10-30 02:28:08.221] [INFO] normal - init worker manager....
[2014-10-30 02:28:08.229] [INFO] normal - create phantomjs worker 8836
[2014-10-30 02:28:08.231] [INFO] normal - create phantomjs worker 7752
[2014-10-30 02:28:08.240] [INFO] normal - websocket server has listened at port 3001
[2014-10-30 02:28:08.245] [INFO] normal - server has listened at port 3000
[2014-10-30 02:28:10.312] [INFO] normal - new connection: 6596598010
[2014-10-30 02:28:10.324] [INFO] normal - new connection: 6596598021
[2014-10-30 02:29:15.449] [INFO] normal - worker 1 has started
[2014-10-30 02:29:16.207] [INFO] normal - init server....
[2014-10-30 02:29:16.260] [INFO] normal - init task manager.....
[2014-10-30 02:29:16.262] [INFO] normal - init worker manager....
[2014-10-30 02:29:16.268] [INFO] normal - create phantomjs worker 5308
[2014-10-30 02:29:16.272] [INFO] normal - create phantomjs worker 8216
[2014-10-30 02:29:16.277] [INFO] normal - websocket server has listened at port 3001
[2014-10-30 02:29:16.279] [INFO] normal - server has listened at port 3000
[2014-10-30 02:29:18.343] [INFO] normal - new connection: 6720598080
[2014-10-30 02:29:18.365] [INFO] normal - new connection: 6720598091
[2014-10-30 02:29:27.666] [DEBUG] normal - GET 304 /html/index.html
[2014-10-30 02:29:27.689] [DEBUG] normal - GET 304 /css/metro-bootstrap.min.css
[2014-10-30 02:29:27.692] [DEBUG] normal - GET 304 /css/iconFont.min.css
[2014-10-30 02:29:27.695] [DEBUG] normal - GET 304 /js/jquery/main.js
[2014-10-30 02:29:27.700] [DEBUG] normal - GET 304 /js/jquery-ui/main.js
[2014-10-30 02:29:27.707] [DEBUG] normal - GET 304 /js/metro/main.js
[2014-10-30 02:29:27.711] [DEBUG] normal - GET 304 /js/shooter-cli/main.js
[2014-10-30 02:29:29.034] [DEBUG] normal - GET 304 /fonts/metroSysIcons.woff
[2014-10-30 02:29:31.083] [DEBUG] normal - POST 404 /shoots
[2014-10-30 02:30:19.854] [DEBUG] normal - GET 304 /html/index.html
[2014-10-30 02:30:19.871] [DEBUG] normal - GET 304 /css/metro-bootstrap.min.css
[2014-10-30 02:30:19.873] [DEBUG] normal - GET 304 /css/iconFont.min.css
[2014-10-30 02:30:19.875] [DEBUG] normal - GET 304 /js/jquery/main.js
[2014-10-30 02:30:19.878] [DEBUG] normal - GET 304 /js/jquery-ui/main.js
[2014-10-30 02:30:19.879] [DEBUG] normal - GET 304 /js/metro/main.js
[2014-10-30 02:30:19.880] [DEBUG] normal - GET 304 /js/shooter-cli/main.js
[2014-10-30 02:30:23.378] [DEBUG] normal - GET 304 /fonts/metroSysIcons.woff
[2014-10-30 02:30:24.902] [DEBUG] normal - POST 404 /shoots
[2014-10-30 02:32:03.775] [DEBUG] normal - GET 304 /html/index.html
[2014-10-30 02:32:03.807] [DEBUG] normal - GET 304 /css/iconFont.min.css
[2014-10-30 02:32:03.809] [DEBUG] normal - GET 304 /css/metro-bootstrap.min.css
[2014-10-30 02:32:03.819] [DEBUG] normal - GET 304 /js/jquery/main.js
[2014-10-30 02:32:03.826] [DEBUG] normal - GET 304 /js/jquery-ui/main.js
[2014-10-30 02:32:03.857] [DEBUG] normal - GET 304 /js/shooter-cli/main.js
[2014-10-30 02:32:03.858] [DEBUG] normal - GET 304 /js/metro/main.js
[2014-10-30 02:32:07.230] [DEBUG] normal - GET 304 /fonts/metroSysIcons.woff
[2014-10-30 02:32:08.296] [DEBUG] normal - POST 404 /shoots
[2014-10-30 02:34:02.357] [DEBUG] normal - GET 304 /html/index.html
[2014-10-30 02:34:02.385] [DEBUG] normal - GET 304 /css/metro-bootstrap.min.css
[2014-10-30 02:34:02.385] [DEBUG] normal - GET 304 /css/iconFont.min.css
[2014-10-30 02:34:02.386] [DEBUG] normal - GET 304 /js/jquery/main.js
[2014-10-30 02:34:02.386] [DEBUG] normal - GET 304 /js/jquery-ui/main.js
[2014-10-30 02:34:02.387] [DEBUG] normal - GET 304 /js/metro/main.js
[2014-10-30 02:34:02.388] [DEBUG] normal - GET 304 /js/shooter-cli/main.js
[2014-10-30 02:34:03.634] [DEBUG] normal - GET 304 /fonts/metroSysIcons.woff
[2014-10-30 02:34:05.648] [DEBUG] normal - POST 404 /shoots
[2014-10-30 02:34:23.030] [INFO] normal - worker 1 has started
[2014-10-30 02:34:23.771] [INFO] normal - init server....
[2014-10-30 02:34:23.823] [INFO] normal - init task manager.....
[2014-10-30 02:34:23.825] [INFO] normal - init worker manager....
[2014-10-30 02:34:23.831] [INFO] normal - create phantomjs worker 8224
[2014-10-30 02:34:23.834] [INFO] normal - create phantomjs worker 6276
[2014-10-30 02:34:23.838] [INFO] normal - websocket server has listened at port 3001
[2014-10-30 02:34:23.841] [INFO] normal - server has listened at port 3000
[2014-10-30 02:34:25.879] [INFO] normal - new connection: 2068599650
[2014-10-30 02:34:25.912] [INFO] normal - new connection: 2068599661
[2014-10-30 02:34:30.672] [DEBUG] normal - POST 200 /shoots
[2014-10-30 02:35:50.211] [DEBUG] normal - GET 304 /html/index.html
[2014-10-30 02:35:50.241] [DEBUG] normal - GET 304 /css/metro-bootstrap.min.css
[2014-10-30 02:35:50.288] [DEBUG] normal - GET 304 /css/iconFont.min.css
[2014-10-30 02:35:50.295] [DEBUG] normal - GET 304 /js/jquery/main.js
[2014-10-30 02:35:50.301] [DEBUG] normal - GET 304 /js/jquery-ui/main.js
[2014-10-30 02:35:50.308] [DEBUG] normal - GET 304 /js/metro/main.js
[2014-10-30 02:35:50.314] [DEBUG] normal - GET 304 /js/shooter-cli/main.js
[2014-10-30 02:35:58.417] [DEBUG] normal - GET 304 /fonts/metroSysIcons.woff
[2014-10-30 02:35:59.896] [DEBUG] normal - POST 200 /shoots
[2014-10-30 02:36:04.293] [INFO] normal - worker 1 has started
[2014-10-30 02:36:05.064] [INFO] normal - init server....
[2014-10-30 02:36:05.113] [INFO] normal - init task manager.....
[2014-10-30 02:36:05.115] [INFO] normal - init worker manager....
[2014-10-30 02:36:05.125] [INFO] normal - create phantomjs worker 5564
[2014-10-30 02:36:05.134] [INFO] normal - create phantomjs worker 6152
[2014-10-30 02:36:05.191] [INFO] normal - websocket server has listened at port 3001
[2014-10-30 02:36:05.194] [INFO] normal - server has listened at port 3000
[2014-10-30 02:36:07.182] [INFO] normal - new connection: 7676599890
[2014-10-30 02:36:07.233] [INFO] normal - new connection: 7676599901
[2014-10-30 02:36:14.374] [DEBUG] normal - POST 200 /shoots
[2014-10-30 02:36:31.679] [INFO] normal - worker 1 has started
[2014-10-30 02:36:32.419] [INFO] normal - init server....
[2014-10-30 02:36:32.474] [INFO] normal - init task manager.....
[2014-10-30 02:36:32.476] [INFO] normal - init worker manager....
[2014-10-30 02:36:32.483] [INFO] normal - create phantomjs worker 8412
[2014-10-30 02:36:32.489] [INFO] normal - create phantomjs worker 8348
[2014-10-30 02:36:32.496] [INFO] normal - websocket server has listened at port 3001
[2014-10-30 02:36:32.498] [INFO] normal - server has listened at port 3000
[2014-10-30 02:36:34.507] [INFO] normal - new connection: 440599990
[2014-10-30 02:36:34.514] [INFO] normal - new connection: 440600001
[2014-10-30 02:36:39.895] [DEBUG] normal - POST 200 /shoots
[2014-10-30 02:58:54.930] [INFO] normal - worker 1 has started
[2014-10-30 02:58:55.693] [INFO] normal - init server....
[2014-10-30 02:58:55.748] [INFO] normal - init task manager.....
[2014-10-30 02:58:55.749] [INFO] normal - init worker manager....
[2014-10-30 02:58:55.757] [INFO] normal - create phantomjs worker 8808
[2014-10-30 02:58:55.761] [INFO] normal - create phantomjs worker 5100
[2014-10-30 02:58:55.769] [INFO] normal - websocket server has listened at port 3001
[2014-10-30 02:58:55.773] [INFO] normal - server has listened at port 3000
[2014-10-30 02:58:57.859] [INFO] normal - new connection: 8372603260
[2014-10-30 02:58:57.892] [INFO] normal - new connection: 8372603271
[2014-10-30 02:59:10.736] [DEBUG] normal - POST 500 /shoots
[2014-10-30 03:00:30.817] [INFO] normal - worker 1 has started
[2014-10-30 03:00:31.602] [INFO] normal - init server....
[2014-10-30 03:00:31.667] [INFO] normal - init task manager.....
[2014-10-30 03:00:31.669] [INFO] normal - init worker manager....
[2014-10-30 03:00:31.676] [INFO] normal - create phantomjs worker 8648
[2014-10-30 03:00:31.681] [INFO] normal - create phantomjs worker 7504
[2014-10-30 03:00:31.699] [INFO] normal - websocket server has listened at port 3001
[2014-10-30 03:00:31.701] [INFO] normal - server has listened at port 3000
[2014-10-30 03:00:33.723] [INFO] normal - new connection: 4208603720
[2014-10-30 03:00:33.745] [INFO] normal - new connection: 4208603731
[2014-10-30 03:00:35.933] [DEBUG] normal - GET 304 /html/index.html
[2014-10-30 03:00:35.951] [DEBUG] normal - GET 304 /css/metro-bootstrap.min.css
[2014-10-30 03:00:35.971] [DEBUG] normal - GET 304 /css/iconFont.min.css
[2014-10-30 03:00:35.974] [DEBUG] normal - GET 304 /js/jquery/main.js
[2014-10-30 03:00:35.980] [DEBUG] normal - GET 304 /js/jquery-ui/main.js
[2014-10-30 03:00:35.984] [DEBUG] normal - GET 304 /js/metro/main.js
[2014-10-30 03:00:35.991] [DEBUG] normal - GET 304 /js/shooter-cli/main.js
[2014-10-30 03:01:14.363] [DEBUG] normal - GET 304 /fonts/metroSysIcons.woff
[2014-10-30 03:01:26.034] [DEBUG] normal - POST 500 /shoots
[2014-10-30 03:02:03.436] [INFO] normal - worker 1 has started
[2014-10-30 03:02:04.214] [INFO] normal - init server....
[2014-10-30 03:02:04.263] [INFO] normal - init task manager.....
[2014-10-30 03:02:04.265] [INFO] normal - init worker manager....
[2014-10-30 03:02:04.271] [INFO] normal - create phantomjs worker 3116
[2014-10-30 03:02:04.277] [INFO] normal - create phantomjs worker 7372
[2014-10-30 03:02:04.283] [INFO] normal - websocket server has listened at port 3001
[2014-10-30 03:02:04.293] [INFO] normal - server has listened at port 3000
[2014-10-30 03:02:06.370] [INFO] normal - new connection: 6456603940
[2014-10-30 03:02:06.374] [INFO] normal - new connection: 6456603951
[2014-10-30 03:02:08.479] [DEBUG] normal - POST 500 /shoots
[2014-10-30 03:02:52.955] [INFO] normal - worker 1 has started
[2014-10-30 03:02:53.679] [INFO] normal - init server....
[2014-10-30 03:02:53.735] [INFO] normal - init task manager.....
[2014-10-30 03:02:53.737] [INFO] normal - init worker manager....
[2014-10-30 03:02:53.744] [INFO] normal - create phantomjs worker 8576
[2014-10-30 03:02:53.747] [INFO] normal - create phantomjs worker 7376
[2014-10-30 03:02:53.759] [INFO] normal - websocket server has listened at port 3001
[2014-10-30 03:02:53.762] [INFO] normal - server has listened at port 3000
[2014-10-30 03:02:55.793] [INFO] normal - new connection: 6364604040
[2014-10-30 03:02:55.811] [INFO] normal - new connection: 6364604051
[2014-10-30 03:03:15.622] [INFO] normal - worker 1 has started
[2014-10-30 03:03:16.366] [INFO] normal - init server....
[2014-10-30 03:03:16.422] [INFO] normal - init task manager.....
[2014-10-30 03:03:16.424] [INFO] normal - init worker manager....
[2014-10-30 03:03:16.433] [INFO] normal - create phantomjs worker 9212
[2014-10-30 03:03:16.438] [INFO] normal - create phantomjs worker 8556
[2014-10-30 03:03:16.445] [INFO] normal - websocket server has listened at port 3001
[2014-10-30 03:03:16.448] [INFO] normal - server has listened at port 3000
[2014-10-30 03:03:18.390] [INFO] normal - new connection: 7604604100
[2014-10-30 03:03:18.395] [INFO] normal - new connection: 7604604111
[2014-10-30 03:03:25.034] [DEBUG] normal - GET 304 /html/index.html
[2014-10-30 03:03:25.060] [DEBUG] normal - GET 304 /css/metro-bootstrap.min.css
[2014-10-30 03:03:25.066] [DEBUG] normal - GET 304 /css/iconFont.min.css
[2014-10-30 03:03:25.068] [DEBUG] normal - GET 304 /js/jquery/main.js
[2014-10-30 03:03:25.144] [DEBUG] normal - GET 304 /js/jquery-ui/main.js
[2014-10-30 03:03:25.148] [DEBUG] normal - GET 304 /js/metro/main.js
[2014-10-30 03:03:25.150] [DEBUG] normal - GET 304 /js/shooter-cli/main.js
[2014-10-30 03:03:26.370] [DEBUG] normal - GET 304 /fonts/metroSysIcons.woff
[2014-10-30 03:03:38.297] [DEBUG] normal - POST 500 /shoots
[2014-10-30 03:03:41.277] [ERROR] normal - Unexpected token o
[2014-10-30 03:03:41.280] [ERROR] normal - SyntaxError: Unexpected token o
    at Object.parse (native)
    at Connection.<anonymous> (E:\github\express-shoot\lib\task-manager.js:22:19)
    at Connection.EventEmitter.emit (events.js:104:17)
    at Connection.EventEmitter.emit (E:\github\express-shoot\node_modules\node-websocket-server\lib\_events.js:15:40)
    at Parser.<anonymous> (E:\github\express-shoot\node_modules\node-websocket-server\lib\ws\connection.js:110:18)
    at Parser.EventEmitter.emit (events.js:104:17)
    at Parser.write (E:\github\express-shoot\node_modules\node-websocket-server\lib\ws\connection.js:458:24)
    at Socket.<anonymous> (E:\github\express-shoot\node_modules\node-websocket-server\lib\ws\connection.js:125:14)
    at Socket.EventEmitter.emit (events.js:104:17)
    at readableAddChunk (_stream_readable.js:156:16)
[2014-10-30 03:08:40.076] [INFO] normal - worker 1 has started
[2014-10-30 03:08:40.835] [INFO] normal - init server....
[2014-10-30 03:08:40.892] [INFO] normal - init task manager.....
[2014-10-30 03:08:40.893] [INFO] normal - init worker manager....
[2014-10-30 03:08:40.901] [INFO] normal - create phantomjs worker 6256
[2014-10-30 03:08:40.908] [INFO] normal - create phantomjs worker 8388
[2014-10-30 03:08:40.918] [INFO] normal - websocket server has listened at port 3001
[2014-10-30 03:08:40.921] [INFO] normal - server has listened at port 3000
[2014-10-30 03:08:42.974] [INFO] normal - new connection: 6280604600
[2014-10-30 03:08:42.984] [INFO] normal - new connection: 6280604611
[2014-10-30 03:09:01.542] [ERROR] normal - Unexpected token o
[2014-10-30 03:09:01.545] [ERROR] normal - SyntaxError: Unexpected token o
    at Object.parse (native)
    at Connection.<anonymous> (E:\github\express-shoot\lib\task-manager.js:22:19)
    at Connection.EventEmitter.emit (events.js:104:17)
    at Connection.EventEmitter.emit (E:\github\express-shoot\node_modules\node-websocket-server\lib\_events.js:15:40)
    at Parser.<anonymous> (E:\github\express-shoot\node_modules\node-websocket-server\lib\ws\connection.js:110:18)
    at Parser.EventEmitter.emit (events.js:104:17)
    at Parser.write (E:\github\express-shoot\node_modules\node-websocket-server\lib\ws\connection.js:458:24)
    at Socket.<anonymous> (E:\github\express-shoot\node_modules\node-websocket-server\lib\ws\connection.js:125:14)
    at Socket.EventEmitter.emit (events.js:104:17)
    at readableAddChunk (_stream_readable.js:156:16)
[2014-10-30 03:09:17.670] [INFO] normal - worker 1 has started
[2014-10-30 03:09:18.511] [INFO] normal - init server....
[2014-10-30 03:09:18.579] [INFO] normal - init task manager.....
[2014-10-30 03:09:18.580] [INFO] normal - init worker manager....
[2014-10-30 03:09:18.587] [INFO] normal - create phantomjs worker 2484
[2014-10-30 03:09:18.592] [INFO] normal - create phantomjs worker 7860
[2014-10-30 03:09:18.598] [INFO] normal - websocket server has listened at port 3001
[2014-10-30 03:09:18.600] [INFO] normal - server has listened at port 3000
[2014-10-30 03:09:20.753] [INFO] normal - new connection: 6888604760
[2014-10-30 03:09:20.769] [INFO] normal - new connection: 6888604771
[2014-10-30 03:09:26.848] [ERROR] normal - Unexpected token o
[2014-10-30 03:09:26.851] [ERROR] normal - SyntaxError: Unexpected token o
    at Object.parse (native)
    at Connection.<anonymous> (E:\github\express-shoot\lib\task-manager.js:22:19)
    at Connection.EventEmitter.emit (events.js:104:17)
    at Connection.EventEmitter.emit (E:\github\express-shoot\node_modules\node-websocket-server\lib\_events.js:15:40)
    at Parser.<anonymous> (E:\github\express-shoot\node_modules\node-websocket-server\lib\ws\connection.js:110:18)
    at Parser.EventEmitter.emit (events.js:104:17)
    at Parser.write (E:\github\express-shoot\node_modules\node-websocket-server\lib\ws\connection.js:458:24)
    at Socket.<anonymous> (E:\github\express-shoot\node_modules\node-websocket-server\lib\ws\connection.js:125:14)
    at Socket.EventEmitter.emit (events.js:104:17)
    at readableAddChunk (_stream_readable.js:156:16)
[2014-10-30 03:09:54.191] [ERROR] normal - first argument must be a string or Buffer
[2014-10-30 03:09:54.193] [ERROR] normal - TypeError: first argument must be a string or Buffer
    at ServerResponse.OutgoingMessage.write (_http_outgoing.js:417:11)
    at send (E:\github\express-shoot\lib\router.js:18:12)
    at null._onTimeout (E:\github\express-shoot\lib\router.js:31:5)
    at Timer.listOnTimeout (timers.js:132:15)
[2014-10-30 03:19:23.520] [INFO] normal - worker 1 has started
[2014-10-30 03:19:24.294] [INFO] normal - init server....
[2014-10-30 03:19:24.350] [INFO] normal - init task manager.....
[2014-10-30 03:19:24.352] [INFO] normal - init worker manager....
[2014-10-30 03:19:24.357] [INFO] normal - create phantomjs worker 9144
[2014-10-30 03:19:24.365] [INFO] normal - create phantomjs worker 8828
[2014-10-30 03:19:24.370] [INFO] normal - websocket server has listened at port 3001
[2014-10-30 03:19:24.373] [INFO] normal - server has listened at port 3000
[2014-10-30 03:19:26.446] [INFO] normal - new connection: 1996606460
[2014-10-30 03:19:26.468] [INFO] normal - new connection: 1996606471
[2014-10-30 03:19:37.060] [ERROR] normal - Unexpected token o
[2014-10-30 03:19:37.063] [ERROR] normal - SyntaxError: Unexpected token o
    at Object.parse (native)
    at Connection.<anonymous> (E:\github\express-shoot\lib\task-manager.js:23:19)
    at Connection.EventEmitter.emit (events.js:104:17)
    at Connection.EventEmitter.emit (E:\github\express-shoot\node_modules\node-websocket-server\lib\_events.js:15:40)
    at Parser.<anonymous> (E:\github\express-shoot\node_modules\node-websocket-server\lib\ws\connection.js:110:18)
    at Parser.EventEmitter.emit (events.js:104:17)
    at Parser.write (E:\github\express-shoot\node_modules\node-websocket-server\lib\ws\connection.js:458:24)
    at Socket.<anonymous> (E:\github\express-shoot\node_modules\node-websocket-server\lib\ws\connection.js:125:14)
    at Socket.EventEmitter.emit (events.js:104:17)
    at readableAddChunk (_stream_readable.js:156:16)
[2014-10-30 03:20:04.433] [DEBUG] normal - POST 200 /shoots
[2014-10-30 03:22:04.093] [INFO] normal - worker 1 has started
[2014-10-30 03:22:04.857] [INFO] normal - init server....
[2014-10-30 03:22:04.911] [INFO] normal - init task manager.....
[2014-10-30 03:22:04.913] [INFO] normal - init worker manager....
[2014-10-30 03:22:04.922] [INFO] normal - create phantomjs worker 7948
[2014-10-30 03:22:04.926] [INFO] normal - create phantomjs worker 5052
[2014-10-30 03:22:04.933] [INFO] normal - websocket server has listened at port 3001
[2014-10-30 03:22:04.935] [INFO] normal - server has listened at port 3000
[2014-10-30 03:22:07.029] [INFO] normal - new connection: 8376606650
[2014-10-30 03:22:07.059] [INFO] normal - new connection: 8376606661
[2014-10-30 03:22:11.071] [ERROR] normal - Unexpected token o
[2014-10-30 03:22:11.074] [ERROR] normal - SyntaxError: Unexpected token o
    at Object.parse (native)
    at Connection.<anonymous> (E:\github\express-shoot\lib\task-manager.js:22:19)
    at Connection.EventEmitter.emit (events.js:104:17)
    at Connection.EventEmitter.emit (E:\github\express-shoot\node_modules\node-websocket-server\lib\_events.js:15:40)
    at Parser.<anonymous> (E:\github\express-shoot\node_modules\node-websocket-server\lib\ws\connection.js:110:18)
    at Parser.EventEmitter.emit (events.js:104:17)
    at Parser.write (E:\github\express-shoot\node_modules\node-websocket-server\lib\ws\connection.js:458:24)
    at Socket.<anonymous> (E:\github\express-shoot\node_modules\node-websocket-server\lib\ws\connection.js:125:14)
    at Socket.EventEmitter.emit (events.js:104:17)
    at readableAddChunk (_stream_readable.js:156:16)
[2014-10-30 03:22:38.105] [DEBUG] normal - POST 200 /shoots
[2014-10-30 03:24:17.993] [INFO] normal - worker 1 has started
[2014-10-30 03:24:18.693] [INFO] normal - init server....
[2014-10-30 03:24:18.751] [INFO] normal - init task manager.....
[2014-10-30 03:24:18.752] [INFO] normal - init worker manager....
[2014-10-30 03:24:18.759] [INFO] normal - create phantomjs worker 8860
[2014-10-30 03:24:18.763] [INFO] normal - create phantomjs worker 7204
[2014-10-30 03:24:18.776] [INFO] normal - websocket server has listened at port 3001
[2014-10-30 03:24:18.783] [INFO] normal - server has listened at port 3000
[2014-10-30 03:24:20.789] [INFO] normal - new connection: 4420608590
[2014-10-30 03:24:20.800] [INFO] normal - new connection: 4420608601
[2014-10-30 03:24:24.865] [DEBUG] normal - GET 304 /html/index.html
[2014-10-30 03:24:24.886] [DEBUG] normal - GET 304 /css/metro-bootstrap.min.css
[2014-10-30 03:24:24.891] [DEBUG] normal - GET 304 /css/iconFont.min.css
[2014-10-30 03:24:24.908] [DEBUG] normal - GET 304 /js/jquery/main.js
[2014-10-30 03:24:24.914] [DEBUG] normal - GET 304 /js/jquery-ui/main.js
[2014-10-30 03:24:24.920] [DEBUG] normal - GET 304 /js/metro/main.js
[2014-10-30 03:24:24.927] [DEBUG] normal - GET 304 /js/shooter-cli/main.js
[2014-10-30 03:24:30.061] [DEBUG] normal - GET 304 /fonts/metroSysIcons.woff
[2014-10-30 03:24:36.377] [DEBUG] normal - POST 200 /shoots
[2014-10-30 03:27:17.845] [INFO] normal - worker 1 has started
[2014-10-30 03:27:18.667] [INFO] normal - init server....
[2014-10-30 03:27:18.722] [INFO] normal - init task manager.....
[2014-10-30 03:27:18.725] [INFO] normal - init worker manager....
[2014-10-30 03:27:18.733] [INFO] normal - create phantomjs worker 8256
[2014-10-30 03:27:18.743] [INFO] normal - create phantomjs worker 904
[2014-10-30 03:27:18.751] [INFO] normal - websocket server has listened at port 3001
[2014-10-30 03:27:18.755] [INFO] normal - server has listened at port 3000
[2014-10-30 03:27:20.800] [INFO] normal - new connection: 9000608930
[2014-10-30 03:27:20.803] [INFO] normal - new connection: 9000608921
[2014-10-30 03:27:29.304] [DEBUG] normal - GET 304 /html/index.html
[2014-10-30 03:27:29.332] [DEBUG] normal - GET 304 /css/metro-bootstrap.min.css
[2014-10-30 03:27:29.337] [DEBUG] normal - GET 304 /css/iconFont.min.css
[2014-10-30 03:27:29.341] [DEBUG] normal - GET 304 /js/jquery/main.js
[2014-10-30 03:27:29.356] [DEBUG] normal - GET 304 /js/jquery-ui/main.js
[2014-10-30 03:27:29.372] [DEBUG] normal - GET 304 /js/metro/main.js
[2014-10-30 03:27:29.387] [DEBUG] normal - GET 200 /js/shooter-cli/main.js
[2014-10-30 03:27:30.683] [DEBUG] normal - GET 304 /fonts/metroSysIcons.woff
[2014-10-30 03:27:36.721] [DEBUG] normal - POST 200 /shoots
[2014-10-30 03:29:06.164] [DEBUG] normal - POST 200 /shoots
[2014-10-30 03:31:23.060] [INFO] normal - worker 1 has started
[2014-10-30 03:31:23.869] [INFO] normal - init server....
[2014-10-30 03:31:23.927] [INFO] normal - init task manager.....
[2014-10-30 03:31:23.929] [INFO] normal - init worker manager....
[2014-10-30 03:31:23.940] [INFO] normal - create phantomjs worker 9108
[2014-10-30 03:31:23.946] [INFO] normal - create phantomjs worker 5768
[2014-10-30 03:31:23.954] [INFO] normal - websocket server has listened at port 3001
[2014-10-30 03:31:23.962] [INFO] normal - server has listened at port 3000
[2014-10-30 03:31:26.045] [INFO] normal - new connection: 6180611900
[2014-10-30 03:31:26.055] [INFO] normal - new connection: 6180611911
[2014-10-30 03:31:27.024] [DEBUG] normal - GET 200 /html/index.html
[2014-10-30 03:31:27.050] [DEBUG] normal - GET 304 /css/metro-bootstrap.min.css
[2014-10-30 03:31:27.064] [DEBUG] normal - GET 304 /css/iconFont.min.css
[2014-10-30 03:31:27.066] [DEBUG] normal - GET 304 /js/jquery/main.js
[2014-10-30 03:31:27.076] [DEBUG] normal - GET 304 /js/jquery-ui/main.js
[2014-10-30 03:31:27.081] [DEBUG] normal - GET 304 /js/metro/main.js
[2014-10-30 03:31:27.089] [DEBUG] normal - GET 200 /js/shooter-cli/main.js
[2014-10-30 03:31:28.137] [DEBUG] normal - GET 304 /fonts/metroSysIcons.woff
[2014-10-30 03:32:14.523] [DEBUG] normal - POST 200 /shoots
[2014-10-30 03:32:14.540] [DEBUG] normal - GET 404 /shoots/1dea43b8-ed23-46c7-a471-170d1d78f2a7
