[2014-10-28 15:29:21.579] [INFO] normal - worker 1 has started
[2014-10-28 15:29:21.846] [INFO] normal - server prepare to start....
[2014-10-28 15:29:22.375] [ERROR] normal - Object #<EventEmitter> has no method 'trigger'
[2014-10-28 15:29:22.378] [ERROR] normal - TypeError: Object #<EventEmitter> has no method 'trigger'
    at createWorker (E:\git\express-shoot\lib\worker-manager.js:28:5)
    at Object.init (E:\git\express-shoot\lib\worker-manager.js:12:3)
    at Object.start (E:\git\express-shoot\lib\server.js:42:5)
    at Object.<anonymous> (E:\git\express-shoot\index.js:24:9)
    at Module._compile (module.js:449:26)
    at Object.Module._extensions..js (module.js:467:10)
    at Module.load (module.js:349:32)
    at Function.Module._load (module.js:305:12)
    at Function.Module.runMain (module.js:490:10)
    at startup (node.js:123:16)
[2014-10-28 15:31:08.860] [INFO] normal - worker 1 has started
[2014-10-28 15:31:09.135] [INFO] normal - server prepare to start....
[2014-10-28 15:31:09.207] [INFO] normal - create phantomjs worker 11460
[2014-10-28 15:31:09.236] [INFO] normal - create phantomjs worker 11752
[2014-10-28 15:31:09.244] [INFO] normal - server has listened at port 3000
[2014-10-28 15:33:16.549] [INFO] normal - worker 1 has started
[2014-10-28 15:33:16.839] [INFO] normal - init server....
[2014-10-28 15:33:16.868] [INFO] normal - init worker manager....
[2014-10-28 15:33:16.900] [INFO] normal - create phantomjs worker 13980
[2014-10-28 15:33:16.928] [INFO] normal - create phantomjs worker 13832
[2014-10-28 15:33:16.929] [INFO] normal - init task manager.....
[2014-10-28 15:33:16.934] [INFO] normal - server has listened at port 3000
[2014-10-28 15:33:51.433] [INFO] normal - worker 1 has started
[2014-10-28 15:33:51.720] [INFO] normal - init server....
[2014-10-28 15:33:51.752] [INFO] normal - init task manager.....
[2014-10-28 15:33:51.753] [INFO] normal - init worker manager....
[2014-10-28 15:33:51.778] [INFO] normal - create phantomjs worker 13268
[2014-10-28 15:33:51.806] [INFO] normal - create phantomjs worker 12424
[2014-10-28 15:33:51.813] [INFO] normal - server has listened at port 3000
[2014-10-28 15:38:25.102] [INFO] normal - worker 1 has started
[2014-10-28 15:38:25.388] [INFO] normal - init server....
[2014-10-28 15:38:25.421] [INFO] normal - init task manager.....
[2014-10-28 15:38:25.421] [INFO] normal - init worker manager....
[2014-10-28 15:38:25.446] [INFO] normal - create phantomjs worker 12728
[2014-10-28 15:38:25.473] [INFO] normal - create phantomjs worker 12076
[2014-10-28 15:38:25.486] [INFO] normal - server has listened at port 3000
[2014-10-28 15:39:21.136] [INFO] normal - worker 1 has started
[2014-10-28 15:39:21.398] [INFO] normal - init server....
[2014-10-28 15:39:21.427] [INFO] normal - init task manager.....
[2014-10-28 15:39:21.428] [INFO] normal - init worker manager....
[2014-10-28 15:39:21.450] [INFO] normal - create phantomjs worker 9516
[2014-10-28 15:39:21.477] [INFO] normal - create phantomjs worker 10388
[2014-10-28 15:39:21.491] [INFO] normal - server has listened at port 3000
[2014-10-28 15:39:47.887] [INFO] normal - worker 1 has started
[2014-10-28 15:39:48.165] [INFO] normal - init server....
[2014-10-28 15:39:48.194] [INFO] normal - init task manager.....
[2014-10-28 15:39:48.194] [INFO] normal - init worker manager....
[2014-10-28 15:39:48.216] [INFO] normal - create phantomjs worker 8216
[2014-10-28 15:39:48.249] [INFO] normal - create phantomjs worker 11636
[2014-10-28 15:39:48.255] [INFO] normal - server has listened at port 3000
[2014-10-28 15:40:11.259] [INFO] normal - worker 1 has started
[2014-10-28 15:40:11.515] [INFO] normal - init server....
[2014-10-28 15:40:11.543] [INFO] normal - init task manager.....
[2014-10-28 15:40:11.544] [ERROR] normal - 
[2014-10-28 15:40:11.545] [ERROR] normal - Error
    at Object.init (E:\git\express-shoot\lib\task-manager.js:6:8)
    at Object.start (E:\git\express-shoot\lib\server.js:43:5)
    at Object.<anonymous> (E:\git\express-shoot\index.js:24:9)
    at Module._compile (module.js:449:26)
    at Object.Module._extensions..js (module.js:467:10)
    at Module.load (module.js:349:32)
    at Function.Module._load (module.js:305:12)
    at Function.Module.runMain (module.js:490:10)
    at startup (node.js:123:16)
    at node.js:1128:3
[2014-10-28 15:40:20.730] [INFO] normal - worker 1 has started
[2014-10-28 15:40:21.009] [INFO] normal - init server....
[2014-10-28 15:40:21.043] [INFO] normal - init task manager.....
[2014-10-28 15:40:21.044] [INFO] normal - init worker manager....
[2014-10-28 15:40:21.071] [INFO] normal - create phantomjs worker 816
[2014-10-28 15:40:21.099] [INFO] normal - create phantomjs worker 12052
[2014-10-28 15:40:21.105] [INFO] normal - server has listened at port 3000
[2014-10-28 15:44:52.870] [INFO] normal - worker 1 has started
[2014-10-28 15:44:53.147] [INFO] normal - init server....
[2014-10-28 15:44:53.174] [INFO] normal - init task manager.....
[2014-10-28 15:44:53.175] [INFO] normal - init worker manager....
[2014-10-28 15:44:53.196] [INFO] normal - 11324
[2014-10-28 15:44:53.196] [INFO] normal - create phantomjs worker 11324
[2014-10-28 15:44:53.219] [INFO] normal - 13324
[2014-10-28 15:44:53.219] [INFO] normal - create phantomjs worker 13324
[2014-10-28 15:44:53.225] [INFO] normal - server has listened at port 3000
[2014-10-28 16:00:06.940] [INFO] normal - worker 1 has started
[2014-10-28 16:00:07.197] [INFO] normal - init server....
[2014-10-28 16:00:07.226] [INFO] normal - init task manager.....
[2014-10-28 16:00:07.226] [INFO] normal - init worker manager....
[2014-10-28 16:00:07.635] [INFO] normal - create phantomjs worker 13500
[2014-10-28 16:00:07.728] [INFO] normal - create phantomjs worker 1976
[2014-10-28 16:00:07.735] [INFO] normal - server has listened at port 3000
[2014-10-28 16:07:49.494] [INFO] normal - worker 1 has started
[2014-10-28 16:07:49.756] [INFO] normal - init server....
[2014-10-28 16:07:49.760] [ERROR] normal - app is not defined
[2014-10-28 16:07:49.761] [ERROR] normal - ReferenceError: app is not defined
    at setup (E:\git\express-shoot\lib\server.js:24:7)
    at Object.start (E:\git\express-shoot\lib\server.js:45:3)
    at Object.<anonymous> (E:\git\express-shoot\index.js:24:9)
    at Module._compile (module.js:449:26)
    at Object.Module._extensions..js (module.js:467:10)
    at Module.load (module.js:349:32)
    at Function.Module._load (module.js:305:12)
    at Function.Module.runMain (module.js:490:10)
    at startup (node.js:123:16)
    at node.js:1128:3
[2014-10-28 16:08:36.664] [INFO] normal - worker 1 has started
[2014-10-28 16:08:36.935] [INFO] normal - init server....
[2014-10-28 16:08:36.964] [INFO] normal - init task manager.....
[2014-10-28 16:08:36.965] [INFO] normal - init worker manager....
[2014-10-28 16:08:36.988] [INFO] normal - create phantomjs worker 14092
[2014-10-28 16:08:37.031] [INFO] normal - create phantomjs worker 5392
[2014-10-28 16:08:37.037] [INFO] normal - server has listened at port 3000
[2014-10-28 17:05:06.179] [INFO] normal - worker 1 has started
[2014-10-28 17:05:06.445] [INFO] normal - init server....
[2014-10-28 17:05:06.483] [INFO] normal - init task manager.....
[2014-10-28 17:05:06.484] [INFO] normal - init worker manager....
[2014-10-28 17:05:06.784] [INFO] normal - create phantomjs worker 6492
[2014-10-28 17:05:06.867] [INFO] normal - create phantomjs worker 14188
[2014-10-28 17:05:06.878] [INFO] normal - server has listened at port 3000
